<?xml version="1.0" encoding="UTF-8"?>
<!-- Generated by org.testng.reporters.JUnitXMLReporter -->
<testsuite hostname="Sinagz" ignored="0" name="Test" tests="1" failures="1" timestamp="08 Jan 2018 13:06:50 GMT" time="34.055" errors="0">
  <testcase name="validLoginLogoutTest" time="11.957" classname="com.Zoho.test.TestValidLoginLogout">
    <failure type="java.lang.NullPointerException">
      <![CDATA[java.lang.NullPointerExceptionat com.Zoho.pages.HomePage.clickOnLogoutBTN(HomePage.java:24)at com.Zoho.test.TestValidLoginLogout.validLoginLogoutTest(TestValidLoginLogout.java:29)... Removed 25 stack frames]]>
    </failure>
  </testcase> <!-- validLoginLogoutTest -->
</testsuite> <!-- Test -->
