<?xml version="1.0" encoding="UTF-8"?>
<testng-results skipped="0" failed="0" ignored="0" total="1" passed="1">
  <reporter-output>
    <line>
      <![CDATA[Title is Matching]]>
    </line>
    <line>
      <![CDATA[Title is Matching]]>
    </line>
    <line>
      <![CDATA[Title is Matching]]>
    </line>
  </reporter-output>
  <suite name="Suite" duration-ms="124002" started-at="2018-01-08T13:20:14Z" finished-at="2018-01-08T13:22:18Z">
    <groups>
    </groups>
    <test name="Test" duration-ms="124002" started-at="2018-01-08T13:20:14Z" finished-at="2018-01-08T13:22:18Z">
      <class name="com.Zoho.test.TestValidLoginLogout">
        <test-method status="PASS" signature="preCondition()[pri:0, instance:com.Zoho.test.TestValidLoginLogout@22a67b4]" name="preCondition" is-config="true" duration-ms="72592" started-at="2018-01-08T18:50:14Z" finished-at="2018-01-08T18:51:26Z">
          <reporter-output>
          </reporter-output>
        </test-method> <!-- preCondition -->
        <test-method status="PASS" signature="validLoginLogoutTest()[pri:0, instance:com.Zoho.test.TestValidLoginLogout@22a67b4]" name="validLoginLogoutTest" duration-ms="47088" started-at="2018-01-08T18:51:27Z" finished-at="2018-01-08T18:52:14Z">
          <reporter-output>
            <line>
              <![CDATA[Title is Matching]]>
            </line>
            <line>
              <![CDATA[Title is Matching]]>
            </line>
            <line>
              <![CDATA[Title is Matching]]>
            </line>
          </reporter-output>
        </test-method> <!-- validLoginLogoutTest -->
        <test-method status="PASS" signature="postCondition()[pri:0, instance:com.Zoho.test.TestValidLoginLogout@22a67b4]" name="postCondition" is-config="true" duration-ms="4222" started-at="2018-01-08T18:52:14Z" finished-at="2018-01-08T18:52:18Z">
          <reporter-output>
          </reporter-output>
        </test-method> <!-- postCondition -->
      </class> <!-- com.Zoho.test.TestValidLoginLogout -->
    </test> <!-- Test -->
  </suite> <!-- Suite -->
</testng-results>
