<?xml version="1.0" encoding="UTF-8"?>
<testng-results skipped="0" failed="1" ignored="0" total="1" passed="0">
  <reporter-output>
    <line>
      <![CDATA[Title is Matching]]>
    </line>
    <line>
      <![CDATA[Title is Matching]]>
    </line>
  </reporter-output>
  <suite name="Suite" duration-ms="34055" started-at="2018-01-08T13:06:16Z" finished-at="2018-01-08T13:06:50Z">
    <groups>
    </groups>
    <test name="Test" duration-ms="34055" started-at="2018-01-08T13:06:16Z" finished-at="2018-01-08T13:06:50Z">
      <class name="com.Zoho.test.TestValidLoginLogout">
        <test-method status="PASS" signature="preCondition()[pri:0, instance:com.Zoho.test.TestValidLoginLogout@5891e32e]" name="preCondition" is-config="true" duration-ms="19185" started-at="2018-01-08T18:36:16Z" finished-at="2018-01-08T18:36:35Z">
          <reporter-output>
          </reporter-output>
        </test-method> <!-- preCondition -->
        <test-method status="FAIL" signature="validLoginLogoutTest()[pri:0, instance:com.Zoho.test.TestValidLoginLogout@5891e32e]" name="validLoginLogoutTest" duration-ms="11957" started-at="2018-01-08T18:36:35Z" finished-at="2018-01-08T18:36:47Z">
          <exception class="java.lang.NullPointerException">
            <full-stacktrace>
              <![CDATA[java.lang.NullPointerExceptionat com.Zoho.pages.HomePage.clickOnLogoutBTN(HomePage.java:24)at com.Zoho.test.TestValidLoginLogout.validLoginLogoutTest(TestValidLoginLogout.java:29)at sun.reflect.NativeMethodAccessorImpl.invoke0(Native Method)at sun.reflect.NativeMethodAccessorImpl.invoke(NativeMethodAccessorImpl.java:62)at sun.reflect.DelegatingMethodAccessorImpl.invoke(DelegatingMethodAccessorImpl.java:43)at java.lang.reflect.Method.invoke(Method.java:498)at org.testng.internal.MethodInvocationHelper.invokeMethod(MethodInvocationHelper.java:124)at org.testng.internal.Invoker.invokeMethod(Invoker.java:571)at org.testng.internal.Invoker.invokeTestMethod(Invoker.java:707)at org.testng.internal.Invoker.invokeTestMethods(Invoker.java:979)at org.testng.internal.TestMethodWorker.invokeTestMethods(TestMethodWorker.java:125)at org.testng.internal.TestMethodWorker.run(TestMethodWorker.java:109)at org.testng.TestRunner.privateRun(TestRunner.java:648)at org.testng.TestRunner.run(TestRunner.java:505)at org.testng.SuiteRunner.runTest(SuiteRunner.java:455)at org.testng.SuiteRunner.runSequentially(SuiteRunner.java:450)at org.testng.SuiteRunner.privateRun(SuiteRunner.java:415)at org.testng.SuiteRunner.run(SuiteRunner.java:364)at org.testng.SuiteRunnerWorker.runSuite(SuiteRunnerWorker.java:52)at org.testng.SuiteRunnerWorker.run(SuiteRunnerWorker.java:84)at org.testng.TestNG.runSuitesSequentially(TestNG.java:1187)at org.testng.TestNG.runSuitesLocally(TestNG.java:1116)at org.testng.TestNG.runSuites(TestNG.java:1028)at org.testng.TestNG.run(TestNG.java:996)at org.testng.remote.AbstractRemoteTestNG.run(AbstractRemoteTestNG.java:114)at org.testng.remote.RemoteTestNG.initAndRun(RemoteTestNG.java:251)at org.testng.remote.RemoteTestNG.main(RemoteTestNG.java:77)]]>
            </full-stacktrace>
          </exception> <!-- java.lang.NullPointerException -->
          <reporter-output>
            <line>
              <![CDATA[Title is Matching]]>
            </line>
            <line>
              <![CDATA[Title is Matching]]>
            </line>
          </reporter-output>
        </test-method> <!-- validLoginLogoutTest -->
        <test-method status="PASS" signature="postCondition()[pri:0, instance:com.Zoho.test.TestValidLoginLogout@5891e32e]" name="postCondition" is-config="true" duration-ms="2863" started-at="2018-01-08T18:36:47Z" finished-at="2018-01-08T18:36:50Z">
          <reporter-output>
          </reporter-output>
        </test-method> <!-- postCondition -->
      </class> <!-- com.Zoho.test.TestValidLoginLogout -->
    </test> <!-- Test -->
  </suite> <!-- Suite -->
</testng-results>
